<?xml version="1.0" encoding="UTF-8"?>
<!-- Generated by org.testng.reporters.JUnitReportReporter -->
<testsuite hostname="Balaji" failures="0" tests="2" name="com.demotest.Automation_demo" time="0.010" errors="0" timestamp="2021-05-23T21:17:58 IST" skipped="1">
  <testcase classname="com.demotest.Automation_demo" name="demo2" time="0.010"/>
  <system-out/>
  <testcase classname="com.demotest.Automation_demo" name="prior_test2">
    <skipped/>
  </testcase> <!-- prior_test2 -->
  <system-out/>
</testsuite> <!-- com.demotest.Automation_demo -->
